02:02:32:736 [ALWAYS]	GUDE Logging Started
02:02:32:737 [INFO]	SqliteResumeCache::SqliteResumeCache basedirectory is null/empty
02:02:32:737 [ERROR]	SqliteResumeCache::CreateSqliteResumeCache creating resume cache pointer failure
02:02:32:737 [ERROR]	Initialize resume cache pointer failure
02:02:32:737 [INFO]	gude policy POLICY_USER limit (2,2,1) chunk 2097152, chunking (UL 0 DL 1), resXfer 1, adapt 0, NSURL 0, timeout 86400 
02:02:32:737 [INFO]	Initialized -- gude-lib version: v0.12.1 app: gude
02:02:36:131 [WARN]	Ignoring attempt to reinit logging to \gude at level 4 retaining 3 days of logs
02:02:36:131 [INFO]	SqliteResumeCache::SqliteResumeCache basedirectory is null/empty
02:02:36:131 [ERROR]	SqliteResumeCache::CreateSqliteResumeCache creating resume cache pointer failure
02:02:36:132 [ERROR]	Initialize resume cache pointer failure
02:02:36:132 [INFO]	gude policy POLICY_USER limit (4,4,1) chunk 2097152, chunking (UL 0 DL 1), resXfer 1, adapt 0, NSURL 1, timeout 86400 
02:02:36:132 [INFO]	Initialized -- gude-lib version: v0.12.1 app: gude
20:49:03:935 [ALWAYS]	GUDE Logging Started
20:49:03:935 [INFO]	SqliteResumeCache::SqliteResumeCache basedirectory is null/empty
20:49:03:935 [ERROR]	SqliteResumeCache::CreateSqliteResumeCache creating resume cache pointer failure
20:49:03:935 [ERROR]	Initialize resume cache pointer failure
20:49:03:935 [INFO]	gude policy POLICY_USER limit (2,2,1) chunk 2097152, chunking (UL 0 DL 1), resXfer 1, adapt 0, NSURL 0, timeout 86400 
20:49:03:935 [INFO]	Initialized -- gude-lib version: v0.12.1 app: gude
20:49:12:714 [WARN]	Ignoring attempt to reinit logging to \gude at level 4 retaining 3 days of logs
20:49:12:714 [INFO]	SqliteResumeCache::SqliteResumeCache basedirectory is null/empty
20:49:12:714 [ERROR]	SqliteResumeCache::CreateSqliteResumeCache creating resume cache pointer failure
20:49:12:714 [ERROR]	Initialize resume cache pointer failure
20:49:12:714 [INFO]	gude policy POLICY_USER limit (4,4,1) chunk 2097152, chunking (UL 0 DL 1), resXfer 1, adapt 0, NSURL 1, timeout 86400 
20:49:12:714 [INFO]	Initialized -- gude-lib version: v0.12.1 app: gude
